2022-05-22 13:23:20 [main] INFO  com.rvtkk.RvtkkApplication - Starting RvtkkApplication v2.3.0 on 7afc743ea369 with PID 67 (/usr/local/app/pms-framework.jar started by root in /usr/local/app)
2022-05-22 13:23:20 [main] INFO  com.rvtkk.RvtkkApplication - The following profiles are active: test
2022-05-22 13:28:16 [main] INFO  com.rvtkk.RvtkkApplication - Starting RvtkkApplication v2.3.0 on 3f514901391b with PID 1 (/usr/local/app/pms-framework.jar started by root in /usr/local/app)
2022-05-22 13:28:16 [main] INFO  com.rvtkk.RvtkkApplication - The following profiles are active: test
2022-05-22 13:28:57 [main] INFO  com.rvtkk.RvtkkApplication - Starting RvtkkApplication v2.3.0 on 06f3370ad024 with PID 1 (/usr/local/app/pms-framework.jar started by root in /usr/local/app)
2022-05-22 13:28:57 [main] INFO  com.rvtkk.RvtkkApplication - The following profiles are active: test
2022-05-22 13:29:02 [main] INFO  io.undertow.servlet - Initializing Spring embedded WebApplicationContext
2022-05-22 13:29:04 [main] INFO  c.alibaba.druid.pool.DruidDataSource - {dataSource-1} inited
2022-05-22 13:29:04 [main] INFO  org.quartz.impl.StdSchedulerFactory - Using default implementation for ThreadExecutor
2022-05-22 13:29:04 [main] INFO  o.quartz.core.SchedulerSignalerImpl - Initialized Scheduler Signaller of type: class org.quartz.core.SchedulerSignalerImpl
2022-05-22 13:29:04 [main] INFO  org.quartz.core.QuartzScheduler - Quartz Scheduler v.2.3.0 created.
2022-05-22 13:29:04 [main] INFO  org.quartz.core.QuartzScheduler - Scheduler meta-data: Quartz Scheduler (v2.3.0) 'RvtkkScheduler' with instanceId '06f3370ad0241653226144472'
  Scheduler class: 'org.quartz.core.QuartzScheduler' - running locally.
  NOT STARTED.
  Currently in standby mode.
  Number of jobs executed: 0
  Using thread pool 'org.quartz.simpl.SimpleThreadPool' - with 20 threads.
  Using job-store 'org.springframework.scheduling.quartz.LocalDataSourceJobStore' - which supports persistence. and is clustered.

2022-05-22 13:29:04 [main] INFO  org.quartz.impl.StdSchedulerFactory - Quartz scheduler 'RvtkkScheduler' initialized from an externally provided properties instance.
2022-05-22 13:29:04 [main] INFO  org.quartz.impl.StdSchedulerFactory - Quartz scheduler version: 2.3.0
2022-05-22 13:29:04 [main] INFO  org.quartz.core.QuartzScheduler - JobFactory set to: org.springframework.scheduling.quartz.AdaptableJobFactory@1bf0f6f6
2022-05-22 13:29:14 [main] INFO  io.lettuce.core.EpollProvider - Starting without optional epoll library
2022-05-22 13:29:14 [main] INFO  io.lettuce.core.KqueueProvider - Starting without optional kqueue library
2022-05-22 13:29:24 [main] INFO  s.d.s.w.PropertySourcedRequestMappingHandlerMapping - Mapped URL path [/v2/api-docs] onto method [public org.springframework.http.ResponseEntity<springfox.documentation.spring.web.json.Json> springfox.documentation.swagger2.web.Swagger2Controller.getDocumentation(java.lang.String,javax.servlet.http.HttpServletRequest)]
2022-05-22 13:29:27 [main] INFO  s.d.s.w.p.DocumentationPluginsBootstrapper - Context refreshed
2022-05-22 13:29:27 [main] INFO  s.d.s.w.p.DocumentationPluginsBootstrapper - Found 1 custom documentation plugin(s)
2022-05-22 13:29:27 [main] INFO  s.d.s.w.s.ApiListingReferenceScanner - Scanning for api listing references
2022-05-22 13:29:28 [main] INFO  org.xnio - XNIO version 3.3.8.Final
2022-05-22 13:29:28 [main] INFO  org.xnio.nio - XNIO NIO Implementation Version 3.3.8.Final
2022-05-22 13:29:28 [main] INFO  com.rvtkk.RvtkkApplication - Started RvtkkApplication in 31.058 seconds (JVM running for 31.867)
2022-05-22 13:29:29 [XNIO-1 task-1] INFO  io.undertow.servlet - Initializing Spring DispatcherServlet 'dispatcherServlet'
2022-05-22 13:29:38 [Quartz Scheduler [RvtkkScheduler]] INFO  org.quartz.core.QuartzScheduler - Scheduler RvtkkScheduler_$_06f3370ad0241653226144472 started.
